2024-02-03 00:04:29,626 — utils — INFO — init all orders done.
2024-02-03 00:07:00,078 — app — INFO — Bingx started ... ... ...
2024-02-03 00:07:02,124 — utils — INFO — init all orders done.
2024-02-03 00:08:37,567 — app — INFO — Bingx stoped. ................
2024-02-03 00:08:39,404 — app — INFO — Bingx started ... ... ...
2024-02-03 00:08:40,717 — utils — INFO — init all orders done.
2024-02-03 00:09:18,499 — app — INFO — Bingx stoped. ................
2024-02-03 00:09:20,296 — app — INFO — Bingx started ... ... ...
2024-02-03 00:09:22,307 — utils — INFO — init all orders done.
2024-02-03 00:09:58,494 — app — INFO — Bingx stoped. ................
2024-02-03 00:10:00,625 — app — INFO — Bingx started ... ... ...
2024-02-03 00:10:07,115 — utils — INFO — init all orders done.
2024-02-03 00:10:39,035 — app — INFO — Bingx stoped. ................
2024-02-03 00:10:40,449 — app — INFO — Bingx started ... ... ...
2024-02-03 00:10:43,787 — utils — INFO — init all orders done.
2024-02-03 00:11:31,211 — app — INFO — Bingx stoped. ................
2024-02-03 00:11:33,111 — app — INFO — Bingx started ... ... ...
2024-02-03 00:11:36,548 — main — INFO — set leverage---BTC-USDT--- {'code': 0, 'msg': '', 'data': {'leverage': 10, 'symbol': 'BTC-USDT'}}
2024-02-03 00:11:36,549 — utils — INFO — init all orders done.
2024-02-03 00:13:49,067 — app — INFO — Bingx started ... ... ...
2024-02-03 00:13:51,278 — main — INFO — set leverage---BTC-USDT--- {'code': 0, 'msg': '', 'data': {'leverage': 10, 'symbol': 'BTC-USDT'}}
2024-02-03 00:14:41,737 — app — INFO — Bingx stoped. ................
2024-02-03 00:14:43,324 — app — INFO — Bingx started ... ... ...
2024-02-03 00:14:48,714 — main — INFO — set leverage---BTC-USDT--- {'code': 0, 'msg': '', 'data': {'leverage': 10, 'symbol': 'BTC-USDT'}}
2024-02-03 00:15:31,413 — app — INFO — Bingx stoped. ................
2024-02-03 00:15:33,189 — app — INFO — Bingx started ... ... ...
2024-02-03 00:15:36,392 — main — INFO — set leverage---BTC-USDT--- {'code': 0, 'msg': '', 'data': {'leverage': 10, 'symbol': 'BTC-USDT'}}
2024-02-03 00:15:37,105 — main — INFO — {'code': 0, 'msg': '', 'data': {'order': {'orderId': 1753520064505581568, 'symbol': 'BTC-USDT', 'positionSide': 'SHORT', 'side': 'SELL', 'type': 'MARKET', 'price': 0, 'quantity': 0.0011631531686618621, 'stopPrice': 0, 'workingType': 'MARK_PRICE', 'clientOrderID': '', 'timeInForce': 'GTC', 'priceRate': 0, 'stopLoss': '{"type": "STOP_MARKET", "quantity": 0.0011631531686618621,"stopPrice": 43416.466,"price": 43416.466,"workingType":"MARK_PRICE"}', 'takeProfit': '{"type": "TAKE_PROFIT_MARKET", "quantity": 0.0011631531686618621,"stopPrice": 42556.734,"price": 42556.734,"workingType":"MARK_PRICE"}', 'reduceOnly': False}}}
2024-02-03 00:15:37,791 — main — INFO — res
2024-02-03 00:15:38,477 — main — INFO — res
2024-02-03 00:15:38,593 — main — INFO — load to sqlite. BTC-USDT---BUY---24-02-03 00:15:38
2024-02-03 00:15:38,593 — utils — INFO — init all orders done.
2024-02-03 00:17:13,146 — app — INFO — Bingx stoped. ................
2024-02-03 00:17:23,988 — app — INFO — Bingx started ... ... ...
2024-02-03 00:17:26,207 — main — INFO — set leverage---BTC-USDT--- {'code': 0, 'msg': '', 'data': {'leverage': 10, 'symbol': 'BTC-USDT'}}
2024-02-03 00:17:27,009 — main — INFO — {'code': 0, 'msg': '', 'data': {'order': {'orderId': 1753520525451202560, 'symbol': 'BTC-USDT', 'positionSide': 'LONG', 'side': 'BUY', 'type': 'MARKET', 'price': 0, 'quantity': 0.0011628501923354217, 'stopPrice': 0, 'workingType': 'MARK_PRICE', 'clientOrderID': '', 'timeInForce': 'GTC', 'priceRate': 0, 'stopLoss': '{"type": "STOP_MARKET", "quantity": 0.0011628501923354217,"stopPrice": 42567.822,"price": 42567.822,"workingType":"MARK_PRICE"}', 'takeProfit': '{"type": "TAKE_PROFIT_MARKET", "quantity": 0.0011628501923354217,"stopPrice": 43427.778000000006,"price": 43427.778000000006,"workingType":"MARK_PRICE"}', 'reduceOnly': False}}}
2024-02-03 00:17:27,702 — main — INFO — {'code': 0, 'msg': '', 'data': {'order': {'orderId': 1753520528672428032, 'symbol': 'BTC-USDT', 'positionSide': 'LONG', 'side': 'BUY', 'type': 'TRIGGER_LIMIT', 'price': 43427.778000000006, 'quantity': 0.0011628501923354217, 'stopPrice': 43427.778000000006, 'workingType': 'MARK_PRICE', 'clientOrderID': '', 'timeInForce': 'GTC', 'priceRate': 0, 'stopLoss': '', 'takeProfit': '', 'reduceOnly': False}}}
2024-02-03 00:17:28,416 — main — INFO — {'code': 0, 'msg': '', 'data': {'order': {'orderId': 1753520531658772480, 'symbol': 'BTC-USDT', 'positionSide': 'SHORT', 'side': 'SELL', 'type': 'TRIGGER_LIMIT', 'price': 42567.822, 'quantity': 0.0023257003846708433, 'stopPrice': 42567.822, 'workingType': 'MARK_PRICE', 'clientOrderID': '', 'timeInForce': 'GTC', 'priceRate': 0, 'stopLoss': '', 'takeProfit': '', 'reduceOnly': False}}}
2024-02-03 00:17:28,523 — main — INFO — load to sqlite. BTC-USDT---SELL---24-02-03 00:17:28
2024-02-03 00:17:28,524 — utils — INFO — init all orders done.
2024-02-03 00:18:31,541 — app — INFO — Bingx stoped. ................
2024-02-03 00:18:35,003 — app — INFO — Close All Positions.{'code': 0, 'msg': '', 'data': {'success': [1753520806880612352, 1753520807300042752], 'failed': None}}
2024-02-03 00:19:21,614 — app — INFO — Close All Positions.{'code': 80014, 'msg': 'timestamp is invalid', 'data': {}}
2024-02-03 00:19:23,472 — app — INFO — Close All Orders.{'code': 0, 'msg': '', 'data': {'success': None, 'failed': None}}
2024-02-03 00:22:12,139 — app — INFO — Bingx started ... ... ...
2024-02-03 00:22:15,347 — main — INFO — set leverage---BTC-USDT--- {'code': 0, 'msg': '', 'data': {'leverage': 10, 'symbol': 'BTC-USDT'}}
2024-02-03 00:22:16,429 — main — INFO — set leverage---ETH-USDT--- {'code': 0, 'msg': '', 'data': {'leverage': 10, 'symbol': 'ETH-USDT'}}
2024-02-03 00:22:16,838 — main — INFO — {'code': 0, 'msg': '', 'data': {'order': {'orderId': 1753521741115691008, 'symbol': 'BTC-USDT', 'positionSide': 'LONG', 'side': 'BUY', 'type': 'MARKET', 'price': 0, 'quantity': 0.0011640657557464105, 'stopPrice': 0, 'workingType': 'MARK_PRICE', 'clientOrderID': '', 'timeInForce': 'GTC', 'priceRate': 0, 'stopLoss': '{"type": "STOP_MARKET", "quantity": 0.0011640657557464105,"stopPrice": 42523.371,"price": 42523.371,"workingType":"MARK_PRICE"}', 'takeProfit': '{"type": "TAKE_PROFIT_MARKET", "quantity": 0.0011640657557464105,"stopPrice": 43382.429000000004,"price": 43382.429000000004,"workingType":"MARK_PRICE"}', 'reduceOnly': False}}}
2024-02-03 00:22:17,277 — main — INFO — {'code': 0, 'msg': '', 'data': {'order': {'orderId': 1753521742919241728, 'symbol': 'ETH-USDT', 'positionSide': 'SHORT', 'side': 'SELL', 'type': 'MARKET', 'price': 0, 'quantity': 0.021763259265707633, 'stopPrice': 0, 'workingType': 'MARK_PRICE', 'clientOrderID': '', 'timeInForce': 'GTC', 'priceRate': 0, 'stopLoss': '{"type": "STOP_MARKET", "quantity": 0.021763259265707633,"stopPrice": 2320.4244999999996,"price": 2320.4244999999996,"workingType":"MARK_PRICE"}', 'takeProfit': '{"type": "TAKE_PROFIT_MARKET", "quantity": 0.021763259265707633,"stopPrice": 2274.4755,"price": 2274.4755,"workingType":"MARK_PRICE"}', 'reduceOnly': False}}}
2024-02-03 00:22:17,856 — main — INFO — {'code': 0, 'msg': '', 'data': {'order': {'orderId': 1753521745742008320, 'symbol': 'BTC-USDT', 'positionSide': 'LONG', 'side': 'BUY', 'type': 'TRIGGER_LIMIT', 'price': 43382.429000000004, 'quantity': 0.0011640657557464105, 'stopPrice': 43382.429000000004, 'workingType': 'MARK_PRICE', 'clientOrderID': '', 'timeInForce': 'GTC', 'priceRate': 0, 'stopLoss': '', 'takeProfit': '', 'reduceOnly': False}}}
2024-02-03 00:22:18,760 — main — INFO — {'code': 0, 'msg': '', 'data': {'order': {'orderId': 1753521749542047744, 'symbol': 'ETH-USDT', 'positionSide': 'SHORT', 'side': 'SELL', 'type': 'TRIGGER_LIMIT', 'price': 2274.4755, 'quantity': 0.021763259265707633, 'stopPrice': 2274.4755, 'workingType': 'MARK_PRICE', 'clientOrderID': '', 'timeInForce': 'GTC', 'priceRate': 0, 'stopLoss': '', 'takeProfit': '', 'reduceOnly': False}}}
2024-02-03 00:22:19,003 — main — INFO — {'code': 0, 'msg': '', 'data': {'order': {'orderId': 1753521750536097792, 'symbol': 'BTC-USDT', 'positionSide': 'SHORT', 'side': 'SELL', 'type': 'TRIGGER_LIMIT', 'price': 42523.371, 'quantity': 0.002328131511492821, 'stopPrice': 42523.371, 'workingType': 'MARK_PRICE', 'clientOrderID': '', 'timeInForce': 'GTC', 'priceRate': 0, 'stopLoss': '', 'takeProfit': '', 'reduceOnly': False}}}
2024-02-03 00:22:19,122 — main — INFO — load to sqlite. BTC-USDT---SELL---24-02-03 00:22:19
2024-02-03 00:22:19,973 — main — INFO — {'code': 0, 'msg': '', 'data': {'order': {'orderId': 1753521754625544192, 'symbol': 'ETH-USDT', 'positionSide': 'LONG', 'side': 'BUY', 'type': 'TRIGGER_LIMIT', 'price': 2320.4244999999996, 'quantity': 0.043526518531415266, 'stopPrice': 2320.4244999999996, 'workingType': 'MARK_PRICE', 'clientOrderID': '', 'timeInForce': 'GTC', 'priceRate': 0, 'stopLoss': '', 'takeProfit': '', 'reduceOnly': False}}}
2024-02-03 00:22:20,078 — main — INFO — load to sqlite. ETH-USDT---BUY---24-02-03 00:22:20
2024-02-03 00:22:20,078 — utils — INFO — init all orders done.
2024-02-03 18:24:25,524 — app — INFO — Bingx started ... ... ...
2024-02-03 18:24:43,943 — app — INFO — Bingx stoped. ................
2024-02-03 18:27:14,982 — app — INFO — Bingx started ... ... ...
2024-02-03 18:27:21,098 — main — INFO — set leverage---ETH-USDT--- {'code': 0, 'msg': '', 'data': {'leverage': 10, 'symbol': 'ETH-USDT'}}
2024-02-03 18:27:21,979 — main — INFO — {'code': 0, 'msg': '', 'data': {'order': {'orderId': 1753794811697041408, 'symbol': 'ETH-USDT', 'positionSide': 'SHORT', 'side': 'SELL', 'type': 'MARKET', 'price': 0, 'quantity': 0.02173261065158713, 'stopPrice': 0, 'workingType': 'MARK_PRICE', 'clientOrderID': '', 'timeInForce': 'GTC', 'priceRate': 0, 'stopLoss': '{"type": "STOP_MARKET", "quantity": 0.02173261065158713,"stopPrice": 2323.6969,"price": 2323.6969,"workingType":"MARK_PRICE"}', 'takeProfit': '{"type": "TAKE_PROFIT_MARKET", "quantity": 0.02173261065158713,"stopPrice": 2277.6831,"price": 2277.6831,"workingType":"MARK_PRICE"}', 'reduceOnly': False}}}
2024-02-03 18:27:22,112 — main — INFO — set leverage---BTC-USDT--- {'code': 0, 'msg': '', 'data': {'leverage': 10, 'symbol': 'BTC-USDT'}}
2024-02-03 18:27:23,958 — main — INFO — {'code': 0, 'msg': '', 'data': {'order': {'orderId': 1753794820375056384, 'symbol': 'ETH-USDT', 'positionSide': 'SHORT', 'side': 'SELL', 'type': 'TRIGGER_LIMIT', 'price': 2277.6831, 'quantity': 0.02173261065158713, 'stopPrice': 2277.6831, 'workingType': 'MARK_PRICE', 'clientOrderID': '', 'timeInForce': 'GTC', 'priceRate': 0, 'stopLoss': '', 'takeProfit': '', 'reduceOnly': False}}}
2024-02-03 18:27:24,141 — main — INFO — {'code': 0, 'msg': '', 'data': {'order': {'orderId': 1753794820991619072, 'symbol': 'BTC-USDT', 'positionSide': 'LONG', 'side': 'BUY', 'type': 'MARKET', 'price': 0, 'quantity': 0.0011620664330138425, 'stopPrice': 0, 'workingType': 'MARK_PRICE', 'clientOrderID': '', 'timeInForce': 'GTC', 'priceRate': 0, 'stopLoss': '{"type": "STOP_MARKET", "quantity": 0.0011620664330138425,"stopPrice": 42596.532,"price": 42596.532,"workingType":"MARK_PRICE"}', 'takeProfit': '{"type": "TAKE_PROFIT_MARKET", "quantity": 0.0011620664330138425,"stopPrice": 43457.06800000001,"price": 43457.06800000001,"workingType":"MARK_PRICE"}', 'reduceOnly': False}}}
2024-02-03 18:27:24,773 — main — INFO — {'code': 0, 'msg': '', 'data': {'order': {'orderId': 1753794823826968576, 'symbol': 'ETH-USDT', 'positionSide': 'LONG', 'side': 'BUY', 'type': 'TRIGGER_LIMIT', 'price': 2323.6969, 'quantity': 0.04346522130317426, 'stopPrice': 2323.6969, 'workingType': 'MARK_PRICE', 'clientOrderID': '', 'timeInForce': 'GTC', 'priceRate': 0, 'stopLoss': '', 'takeProfit': '', 'reduceOnly': False}}}
2024-02-03 18:27:24,877 — main — INFO — load to sqlite. ETH-USDT---BUY---24-02-03 18:27:24
2024-02-03 18:27:25,417 — main — INFO — {'code': 0, 'msg': '', 'data': {'order': {'orderId': 1753794826540683264, 'symbol': 'BTC-USDT', 'positionSide': 'LONG', 'side': 'BUY', 'type': 'TRIGGER_LIMIT', 'price': 43457.06800000001, 'quantity': 0.0011620664330138425, 'stopPrice': 43457.06800000001, 'workingType': 'MARK_PRICE', 'clientOrderID': '', 'timeInForce': 'GTC', 'priceRate': 0, 'stopLoss': '', 'takeProfit': '', 'reduceOnly': False}}}
2024-02-03 18:27:26,151 — main — INFO — {'code': 0, 'msg': '', 'data': {'order': {'orderId': 1753794829610913792, 'symbol': 'BTC-USDT', 'positionSide': 'SHORT', 'side': 'SELL', 'type': 'TRIGGER_LIMIT', 'price': 42596.532, 'quantity': 0.002324132866027685, 'stopPrice': 42596.532, 'workingType': 'MARK_PRICE', 'clientOrderID': '', 'timeInForce': 'GTC', 'priceRate': 0, 'stopLoss': '', 'takeProfit': '', 'reduceOnly': False}}}
2024-02-03 18:27:26,266 — main — INFO — load to sqlite. BTC-USDT---SELL---24-02-03 18:27:26
2024-02-03 18:27:26,267 — utils — INFO — init all orders done.
2024-02-03 18:28:23,893 — app — INFO — Bingx stoped. ................
2024-02-03 18:31:12,402 — app — INFO — Bingx started ... ... ...
2024-02-03 18:31:14,183 — main — INFO — set leverage---BTC-USDT--- {'code': 0, 'msg': '', 'data': {'leverage': 10, 'symbol': 'BTC-USDT'}}
2024-02-03 18:31:14,216 — main — INFO — set leverage---ETH-USDT--- {'code': 0, 'msg': '', 'data': {'leverage': 10, 'symbol': 'ETH-USDT'}}
2024-02-03 18:31:15,156 — main — INFO — {'code': 0, 'msg': '', 'data': {'order': {'orderId': 1753795789921980416, 'symbol': 'BTC-USDT', 'positionSide': 'LONG', 'side': 'BUY', 'type': 'MARKET', 'price': 0, 'quantity': 0.0011627285052194882, 'stopPrice': 0, 'workingType': 'MARK_PRICE', 'clientOrderID': '', 'timeInForce': 'GTC', 'priceRate': 0, 'stopLoss': '{"type": "STOP_MARKET", "quantity": 0.0011627285052194882,"stopPrice": 42572.277,"price": 42572.277,"workingType":"MARK_PRICE"}', 'takeProfit': '{"type": "TAKE_PROFIT_MARKET", "quantity": 0.0011627285052194882,"stopPrice": 43432.323000000004,"price": 43432.323000000004,"workingType":"MARK_PRICE"}', 'reduceOnly': False}}}
2024-02-03 18:31:15,278 — main — INFO — {'code': 0, 'msg': '', 'data': {'order': {'orderId': 1753795790509182976, 'symbol': 'ETH-USDT', 'positionSide': 'SHORT', 'side': 'SELL', 'type': 'MARKET', 'price': 0, 'quantity': 0.021738563341825865, 'stopPrice': 0, 'workingType': 'MARK_PRICE', 'clientOrderID': '', 'timeInForce': 'GTC', 'priceRate': 0, 'stopLoss': '{"type": "STOP_MARKET", "quantity": 0.021738563341825865,"stopPrice": 2323.0606,"price": 2323.0606,"workingType":"MARK_PRICE"}', 'takeProfit': '{"type": "TAKE_PROFIT_MARKET", "quantity": 0.021738563341825865,"stopPrice": 2277.0594,"price": 2277.0594,"workingType":"MARK_PRICE"}', 'reduceOnly': False}}}
2024-02-03 18:31:15,878 — main — INFO — {'code': 0, 'msg': '', 'data': {'order': {'orderId': 1753795793134817280, 'symbol': 'BTC-USDT', 'positionSide': 'LONG', 'side': 'BUY', 'type': 'TRIGGER_LIMIT', 'price': 43432.323000000004, 'quantity': 0.0011627285052194882, 'stopPrice': 43432.323000000004, 'workingType': 'MARK_PRICE', 'clientOrderID': '', 'timeInForce': 'GTC', 'priceRate': 0, 'stopLoss': '', 'takeProfit': '', 'reduceOnly': False}}}
2024-02-03 18:31:16,021 — main — INFO — {'code': 0, 'msg': '', 'data': {'order': {'orderId': 1753795793722019840, 'symbol': 'ETH-USDT', 'positionSide': 'SHORT', 'side': 'SELL', 'type': 'TRIGGER_LIMIT', 'price': 2277.0594, 'quantity': 0.021738563341825865, 'stopPrice': 2277.0594, 'workingType': 'MARK_PRICE', 'clientOrderID': '', 'timeInForce': 'GTC', 'priceRate': 0, 'stopLoss': '', 'takeProfit': '', 'reduceOnly': False}}}
2024-02-03 18:31:16,599 — main — INFO — {'code': 0, 'msg': '', 'data': {'order': {'orderId': 1753795796242796544, 'symbol': 'BTC-USDT', 'positionSide': 'SHORT', 'side': 'SELL', 'type': 'TRIGGER_LIMIT', 'price': 42572.277, 'quantity': 0.0023254570104389765, 'stopPrice': 42572.277, 'workingType': 'MARK_PRICE', 'clientOrderID': '', 'timeInForce': 'GTC', 'priceRate': 0, 'stopLoss': '', 'takeProfit': '', 'reduceOnly': False}}}
2024-02-03 18:31:16,716 — main — INFO — load to sqlite. BTC-USDT---SELL---24-02-03 18:31:16
2024-02-03 18:31:16,743 — main — INFO — {'code': 0, 'msg': '', 'data': {'order': {'orderId': 1753795796829999104, 'symbol': 'ETH-USDT', 'positionSide': 'LONG', 'side': 'BUY', 'type': 'TRIGGER_LIMIT', 'price': 2323.0606, 'quantity': 0.04347712668365173, 'stopPrice': 2323.0606, 'workingType': 'MARK_PRICE', 'clientOrderID': '', 'timeInForce': 'GTC', 'priceRate': 0, 'stopLoss': '', 'takeProfit': '', 'reduceOnly': False}}}
2024-02-03 18:31:16,838 — main — INFO — load to sqlite. ETH-USDT---BUY---24-02-03 18:31:16
2024-02-03 18:31:16,839 — utils — INFO — init all orders done.
2024-02-03 18:31:40,283 — app — INFO — Bingx stoped. ................
2024-02-03 18:33:59,078 — app — INFO — Bingx started ... ... ...
2024-02-03 18:34:01,112 — main — INFO — set leverage---BTC-USDT--- {'code': 0, 'msg': '', 'data': {'leverage': 10, 'symbol': 'BTC-USDT'}}
2024-02-03 18:34:01,167 — main — INFO — set leverage---ETH-USDT--- {'code': 0, 'msg': '', 'data': {'leverage': 10, 'symbol': 'ETH-USDT'}}
2024-02-03 18:34:02,065 — main — INFO — {'code': 0, 'msg': '', 'data': {'order': {'orderId': 1753796489703854080, 'symbol': 'BTC-USDT', 'positionSide': 'LONG', 'side': 'BUY', 'type': 'MARKET', 'price': 0, 'quantity': 0.001162806922887296, 'stopPrice': 0, 'workingType': 'MARK_PRICE', 'clientOrderID': '', 'timeInForce': 'GTC', 'priceRate': 0, 'stopLoss': '{"type": "STOP_MARKET", "quantity": 0.001162806922887296,"stopPrice": 42569.406,"price": 42569.406,"workingType":"MARK_PRICE"}', 'takeProfit': '{"type": "TAKE_PROFIT_MARKET", "quantity": 0.001162806922887296,"stopPrice": 43429.394,"price": 43429.394,"workingType":"MARK_PRICE"}', 'reduceOnly': False}}}
2024-02-03 18:34:02,149 — main — INFO — {'code': 0, 'msg': '', 'data': {'order': {'orderId': 1753796490026815488, 'symbol': 'ETH-USDT', 'positionSide': 'SHORT', 'side': 'SELL', 'type': 'MARKET', 'price': 0, 'quantity': 0.021763164538229175, 'stopPrice': 0, 'workingType': 'MARK_PRICE', 'clientOrderID': '', 'timeInForce': 'GTC', 'priceRate': 0, 'stopLoss': '{"type": "STOP_MARKET", "quantity": 0.021763164538229175,"stopPrice": 2320.4346,"price": 2320.4346,"workingType":"MARK_PRICE"}', 'takeProfit': '{"type": "TAKE_PROFIT_MARKET", "quantity": 0.021763164538229175,"stopPrice": 2274.4854,"price": 2274.4854,"workingType":"MARK_PRICE"}', 'reduceOnly': False}}}
2024-02-03 18:34:02,934 — main — INFO — {'code': 0, 'msg': '', 'data': {'order': {'orderId': 1753796493675859968, 'symbol': 'BTC-USDT', 'positionSide': 'LONG', 'side': 'BUY', 'type': 'TRIGGER_LIMIT', 'price': 43429.394, 'quantity': 0.001162806922887296, 'stopPrice': 43429.394, 'workingType': 'MARK_PRICE', 'clientOrderID': '', 'timeInForce': 'GTC', 'priceRate': 0, 'stopLoss': '', 'takeProfit': '', 'reduceOnly': False}}}
2024-02-03 18:34:03,065 — main — INFO — {'code': 0, 'msg': '', 'data': {'order': {'orderId': 1753796494195953664, 'symbol': 'ETH-USDT', 'positionSide': 'SHORT', 'side': 'SELL', 'type': 'TRIGGER_LIMIT', 'price': 2274.4854, 'quantity': 0.021763164538229175, 'stopPrice': 2274.4854, 'workingType': 'MARK_PRICE', 'clientOrderID': '', 'timeInForce': 'GTC', 'priceRate': 0, 'stopLoss': '', 'takeProfit': '', 'reduceOnly': False}}}
2024-02-03 18:34:03,789 — main — INFO — {'code': 0, 'msg': '', 'data': {'order': {'orderId': 1753796497417179136, 'symbol': 'BTC-USDT', 'positionSide': 'SHORT', 'side': 'SELL', 'type': 'TRIGGER_LIMIT', 'price': 42569.406, 'quantity': 0.002325613845774592, 'stopPrice': 42569.406, 'workingType': 'MARK_PRICE', 'clientOrderID': '', 'timeInForce': 'GTC', 'priceRate': 0, 'stopLoss': '', 'takeProfit': '', 'reduceOnly': False}}}
2024-02-03 18:34:03,856 — main — INFO — {'code': 0, 'msg': '', 'data': {'order': {'orderId': 1753796497626894336, 'symbol': 'ETH-USDT', 'positionSide': 'LONG', 'side': 'BUY', 'type': 'TRIGGER_LIMIT', 'price': 2320.4346, 'quantity': 0.04352632907645835, 'stopPrice': 2320.4346, 'workingType': 'MARK_PRICE', 'clientOrderID': '', 'timeInForce': 'GTC', 'priceRate': 0, 'stopLoss': '', 'takeProfit': '', 'reduceOnly': False}}}
2024-02-03 18:34:03,893 — main — INFO — load to sqlite. BTC-USDT---SELL---24-02-03 18:34:03
2024-02-03 18:34:04,000 — main — INFO — load to sqlite. ETH-USDT---BUY---24-02-03 18:34:04
2024-02-03 18:34:04,001 — utils — INFO — init all orders done.
2024-02-03 18:35:02,246 — app — INFO — Bingx stoped. ................
2024-02-03 18:35:47,552 — app — INFO — Bingx stoped. ................
2024-02-03 18:37:22,389 — app — INFO — Bingx started ... ... ...
2024-02-03 18:37:24,478 — main — INFO — set leverage---BTC-USDT--- {'code': 0, 'msg': '', 'data': {'leverage': 10, 'symbol': 'BTC-USDT'}}
2024-02-03 18:37:24,643 — main — INFO — set leverage---ETH-USDT--- {'code': 0, 'msg': '', 'data': {'leverage': 10, 'symbol': 'ETH-USDT'}}
2024-02-03 18:37:25,613 — main — INFO — {'code': 0, 'msg': '', 'data': {'order': {'orderId': 1753797343685120000, 'symbol': 'ETH-USDT', 'positionSide': 'SHORT', 'side': 'SELL', 'type': 'MARKET', 'price': 0, 'quantity': 0.021789340654551796, 'stopPrice': 0, 'workingType': 'MARK_PRICE', 'clientOrderID': '', 'timeInForce': 'GTC', 'priceRate': 0, 'stopLoss': '{"type": "STOP_MARKET", "quantity": 0.021789340654551796,"stopPrice": 2317.647,"price": 2317.647,"workingType":"MARK_PRICE"}', 'takeProfit': '{"type": "TAKE_PROFIT_MARKET", "quantity": 0.021789340654551796,"stopPrice": 2271.7529999999997,"price": 2271.7529999999997,"workingType":"MARK_PRICE"}', 'reduceOnly': False}}}
2024-02-03 18:37:25,723 — main — INFO — {'code': 0, 'msg': '', 'data': {'order': {'orderId': 1753797344230379520, 'symbol': 'BTC-USDT', 'positionSide': 'LONG', 'side': 'BUY', 'type': 'MARKET', 'price': 0, 'quantity': 0.0011647680946723507, 'stopPrice': 0, 'workingType': 'MARK_PRICE', 'clientOrderID': '', 'timeInForce': 'GTC', 'priceRate': 0, 'stopLoss': '{"type": "STOP_MARKET", "quantity": 0.0011647680946723507,"stopPrice": 42497.73,"price": 42497.73,"workingType":"MARK_PRICE"}', 'takeProfit': '{"type": "TAKE_PROFIT_MARKET", "quantity": 0.0011647680946723507,"stopPrice": 43356.27,"price": 43356.27,"workingType":"MARK_PRICE"}', 'reduceOnly': False}}}
2024-02-03 18:37:28,383 — main — INFO — {'code': 0, 'msg': '', 'data': {'order': {'orderId': 1753797355609526272, 'symbol': 'ETH-USDT', 'positionSide': 'SHORT', 'side': 'SELL', 'type': 'TRIGGER_LIMIT', 'price': 2271.7529999999997, 'quantity': 0.021789340654551796, 'stopPrice': 2271.7529999999997, 'workingType': 'MARK_PRICE', 'clientOrderID': '', 'timeInForce': 'GTC', 'priceRate': 0, 'stopLoss': '', 'takeProfit': '', 'reduceOnly': False}}}
2024-02-03 18:37:28,542 — main — INFO — {'code': 0, 'msg': '', 'data': {'order': {'orderId': 1753797356200923136, 'symbol': 'BTC-USDT', 'positionSide': 'LONG', 'side': 'BUY', 'type': 'TRIGGER_LIMIT', 'price': 43356.27, 'quantity': 0.0011647680946723507, 'stopPrice': 43356.27, 'workingType': 'MARK_PRICE', 'clientOrderID': '', 'timeInForce': 'GTC', 'priceRate': 0, 'stopLoss': '', 'takeProfit': '', 'reduceOnly': False}}}
2024-02-03 18:37:29,967 — main — INFO — {'code': 0, 'msg': '', 'data': {'order': {'orderId': 1753797362324606976, 'symbol': 'ETH-USDT', 'positionSide': 'LONG', 'side': 'BUY', 'type': 'TRIGGER_LIMIT', 'price': 2317.647, 'quantity': 0.04357868130910359, 'stopPrice': 2317.647, 'workingType': 'MARK_PRICE', 'clientOrderID': '', 'timeInForce': 'GTC', 'priceRate': 0, 'stopLoss': '', 'takeProfit': '', 'reduceOnly': False}}}
2024-02-03 18:37:30,072 — main — INFO — load to sqlite. ETH-USDT---BUY---24-02-03 18:37:30
2024-02-03 18:37:30,111 — main — INFO — {'code': 0, 'msg': '', 'data': {'order': {'orderId': 1753797362907615232, 'symbol': 'BTC-USDT', 'positionSide': 'SHORT', 'side': 'SELL', 'type': 'TRIGGER_LIMIT', 'price': 42497.73, 'quantity': 0.0023295361893447015, 'stopPrice': 42497.73, 'workingType': 'MARK_PRICE', 'clientOrderID': '', 'timeInForce': 'GTC', 'priceRate': 0, 'stopLoss': '', 'takeProfit': '', 'reduceOnly': False}}}
2024-02-03 18:37:30,205 — main — INFO — load to sqlite. BTC-USDT---SELL---24-02-03 18:37:30
2024-02-03 18:37:30,206 — utils — INFO — init all orders done.
2024-02-03 18:37:52,488 — app — INFO — Bingx stoped. ................
2024-02-03 18:40:33,607 — app — INFO — Bingx started ... ... ...
2024-02-03 18:40:38,210 — main — INFO — set leverage---BTC-USDT--- {'code': 0, 'msg': '', 'data': {'leverage': 10, 'symbol': 'BTC-USDT'}}
2024-02-03 18:40:38,766 — main — INFO — set leverage---ETH-USDT--- {'code': 0, 'msg': '', 'data': {'leverage': 10, 'symbol': 'ETH-USDT'}}
2024-02-03 18:40:39,649 — main — INFO — {'code': 0, 'msg': '', 'data': {'order': {'orderId': 1753798157732417536, 'symbol': 'BTC-USDT', 'positionSide': 'LONG', 'side': 'BUY', 'type': 'MARKET', 'price': 0, 'quantity': 0.0011664201632055093, 'stopPrice': 0, 'workingType': 'MARK_PRICE', 'clientOrderID': '', 'timeInForce': 'GTC', 'priceRate': 0, 'stopLoss': '{"type": "STOP_MARKET", "quantity": 0.0011664201632055093,"stopPrice": 42437.53799999999,"price": 42437.53799999999,"workingType":"MARK_PRICE"}', 'takeProfit': '{"type": "TAKE_PROFIT_MARKET", "quantity": 0.0011664201632055093,"stopPrice": 43294.862,"price": 43294.862,"workingType":"MARK_PRICE"}', 'reduceOnly': False}}}
2024-02-03 18:40:41,923 — main — INFO — {'code': 0, 'msg': '', 'data': {'order': {'orderId': 1753798167211544576, 'symbol': 'ETH-USDT', 'positionSide': 'SHORT', 'side': 'SELL', 'type': 'MARKET', 'price': 0, 'quantity': 0.02180711173527911, 'stopPrice': 0, 'workingType': 'MARK_PRICE', 'clientOrderID': '', 'timeInForce': 'GTC', 'priceRate': 0, 'stopLoss': '{"type": "STOP_MARKET", "quantity": 0.02180711173527911,"stopPrice": 2315.7583,"price": 2315.7583,"workingType":"MARK_PRICE"}', 'takeProfit': '{"type": "TAKE_PROFIT_MARKET", "quantity": 0.02180711173527911,"stopPrice": 2269.9017,"price": 2269.9017,"workingType":"MARK_PRICE"}', 'reduceOnly': False}}}
2024-02-03 18:40:42,422 — main — INFO — {'code': 0, 'msg': '', 'data': {'order': {'orderId': 1753798169505828864, 'symbol': 'BTC-USDT', 'positionSide': 'LONG', 'side': 'BUY', 'type': 'TRIGGER_LIMIT', 'price': 43294.862, 'quantity': 0.0011664201632055093, 'stopPrice': 43294.862, 'workingType': 'MARK_PRICE', 'clientOrderID': '', 'timeInForce': 'GTC', 'priceRate': 0, 'stopLoss': '', 'takeProfit': '', 'reduceOnly': False}}}
2024-02-03 18:40:42,760 — main — INFO — {'code': 0, 'msg': '', 'data': {'order': {'orderId': 1753798170994806784, 'symbol': 'ETH-USDT', 'positionSide': 'SHORT', 'side': 'SELL', 'type': 'TRIGGER_LIMIT', 'price': 2269.9017, 'quantity': 0.02180711173527911, 'stopPrice': 2269.9017, 'workingType': 'MARK_PRICE', 'clientOrderID': '', 'timeInForce': 'GTC', 'priceRate': 0, 'stopLoss': '', 'takeProfit': '', 'reduceOnly': False}}}
2024-02-03 18:40:44,806 — main — INFO — {'code': 0, 'msg': '', 'data': {'order': {'orderId': 1753798179442135040, 'symbol': 'BTC-USDT', 'positionSide': 'SHORT', 'side': 'SELL', 'type': 'TRIGGER_LIMIT', 'price': 42437.53799999999, 'quantity': 0.0023328403264110185, 'stopPrice': 42437.53799999999, 'workingType': 'MARK_PRICE', 'clientOrderID': '', 'timeInForce': 'GTC', 'priceRate': 0, 'stopLoss': '', 'takeProfit': '', 'reduceOnly': False}}}
2024-02-03 18:40:44,918 — main — INFO — load to sqlite. BTC-USDT---SELL---24-02-03 18:40:44
2024-02-03 18:40:45,885 — main — INFO — {'code': 0, 'msg': '', 'data': {'order': {'orderId': 1753798184097812480, 'symbol': 'ETH-USDT', 'positionSide': 'LONG', 'side': 'BUY', 'type': 'TRIGGER_LIMIT', 'price': 2315.7583, 'quantity': 0.04361422347055822, 'stopPrice': 2315.7583, 'workingType': 'MARK_PRICE', 'clientOrderID': '', 'timeInForce': 'GTC', 'priceRate': 0, 'stopLoss': '', 'takeProfit': '', 'reduceOnly': False}}}
2024-02-03 18:40:45,985 — main — INFO — load to sqlite. ETH-USDT---BUY---24-02-03 18:40:45
2024-02-03 18:40:45,985 — utils — INFO — init all orders done.
2024-02-03 18:41:47,729 — app — INFO — Bingx stoped. ................
2024-02-03 18:42:08,251 — app — INFO — Bingx started ... ... ...
2024-02-03 18:42:09,932 — main — INFO — set leverage---ETH-USDT--- {'code': 0, 'msg': '', 'data': {'leverage': 10, 'symbol': 'ETH-USDT'}}
2024-02-03 18:42:09,944 — main — INFO — set leverage---BTC-USDT--- {'code': 0, 'msg': '', 'data': {'leverage': 10, 'symbol': 'BTC-USDT'}}
2024-02-03 18:42:10,795 — main — INFO — {'code': 0, 'msg': '', 'data': {'order': {'orderId': 1753798539942563840, 'symbol': 'ETH-USDT', 'positionSide': 'SHORT', 'side': 'SELL', 'type': 'MARKET', 'price': 0, 'quantity': 0.02180197700327466, 'stopPrice': 0, 'workingType': 'MARK_PRICE', 'clientOrderID': '', 'timeInForce': 'GTC', 'priceRate': 0, 'stopLoss': '{"type": "STOP_MARKET", "quantity": 0.02180197700327466,"stopPrice": 2316.3037,"price": 2316.3037,"workingType":"MARK_PRICE"}', 'takeProfit': '{"type": "TAKE_PROFIT_MARKET", "quantity": 0.02180197700327466,"stopPrice": 2270.4363,"price": 2270.4363,"workingType":"MARK_PRICE"}', 'reduceOnly': False}}}
2024-02-03 18:42:10,871 — main — INFO — {'code': 0, 'msg': '', 'data': {'order': {'orderId': 1753798540315856896, 'symbol': 'BTC-USDT', 'positionSide': 'LONG', 'side': 'BUY', 'type': 'MARKET', 'price': 0, 'quantity': 0.001165949607657957, 'stopPrice': 0, 'workingType': 'MARK_PRICE', 'clientOrderID': '', 'timeInForce': 'GTC', 'priceRate': 0, 'stopLoss': '{"type": "STOP_MARKET", "quantity": 0.001165949607657957,"stopPrice": 42454.665,"price": 42454.665,"workingType":"MARK_PRICE"}', 'takeProfit': '{"type": "TAKE_PROFIT_MARKET", "quantity": 0.001165949607657957,"stopPrice": 43312.335,"price": 43312.335,"workingType":"MARK_PRICE"}', 'reduceOnly': False}}}
2024-02-03 18:42:11,574 — main — INFO — {'code': 0, 'msg': '', 'data': {'order': {'orderId': 1753798543398670336, 'symbol': 'ETH-USDT', 'positionSide': 'SHORT', 'side': 'SELL', 'type': 'TRIGGER_LIMIT', 'price': 2270.4363, 'quantity': 0.02180197700327466, 'stopPrice': 2270.4363, 'workingType': 'MARK_PRICE', 'clientOrderID': '', 'timeInForce': 'GTC', 'priceRate': 0, 'stopLoss': '', 'takeProfit': '', 'reduceOnly': False}}}
2024-02-03 18:42:11,619 — main — INFO — {'code': 0, 'msg': '', 'data': {'order': {'orderId': 1753798543671300096, 'symbol': 'BTC-USDT', 'positionSide': 'LONG', 'side': 'BUY', 'type': 'TRIGGER_LIMIT', 'price': 43312.335, 'quantity': 0.001165949607657957, 'stopPrice': 43312.335, 'workingType': 'MARK_PRICE', 'clientOrderID': '', 'timeInForce': 'GTC', 'priceRate': 0, 'stopLoss': '', 'takeProfit': '', 'reduceOnly': False}}}
2024-02-03 18:42:12,305 — main — INFO — {'code': 0, 'msg': '', 'data': {'order': {'orderId': 1753798546548592640, 'symbol': 'BTC-USDT', 'positionSide': 'SHORT', 'side': 'SELL', 'type': 'TRIGGER_LIMIT', 'price': 42454.665, 'quantity': 0.002331899215315914, 'stopPrice': 42454.665, 'workingType': 'MARK_PRICE', 'clientOrderID': '', 'timeInForce': 'GTC', 'priceRate': 0, 'stopLoss': '', 'takeProfit': '', 'reduceOnly': False}}}
2024-02-03 18:42:12,437 — main — INFO — load to sqlite. BTC-USDT---SELL---24-02-03 18:42:12
2024-02-03 18:42:12,470 — main — INFO — {'code': 0, 'msg': '', 'data': {'order': {'orderId': 1753798547127406592, 'symbol': 'ETH-USDT', 'positionSide': 'LONG', 'side': 'BUY', 'type': 'TRIGGER_LIMIT', 'price': 2316.3037, 'quantity': 0.04360395400654932, 'stopPrice': 2316.3037, 'workingType': 'MARK_PRICE', 'clientOrderID': '', 'timeInForce': 'GTC', 'priceRate': 0, 'stopLoss': '', 'takeProfit': '', 'reduceOnly': False}}}
2024-02-03 18:42:12,559 — main — INFO — load to sqlite. ETH-USDT---BUY---24-02-03 18:42:12
2024-02-03 18:42:12,559 — utils — INFO — init all orders done.
2024-02-03 18:42:24,061 — app — INFO — Bingx stoped. ................
2024-02-03 18:43:00,334 — app — INFO — Bingx started ... ... ...
2024-02-03 18:43:03,526 — main — INFO — set leverage---BTC-USDT--- {'code': 0, 'msg': '', 'data': {'leverage': 10, 'symbol': 'BTC-USDT'}}
2024-02-03 18:43:03,696 — main — INFO — set leverage---ETH-USDT--- {'code': 0, 'msg': '', 'data': {'leverage': 10, 'symbol': 'ETH-USDT'}}
2024-02-03 18:43:05,919 — main — INFO — {'code': 0, 'msg': '', 'data': {'order': {'orderId': 1753798771170349056, 'symbol': 'BTC-USDT', 'positionSide': 'LONG', 'side': 'BUY', 'type': 'MARKET', 'price': 0, 'quantity': 0.0011651372298629333, 'stopPrice': 0, 'workingType': 'MARK_PRICE', 'clientOrderID': '', 'timeInForce': 'GTC', 'priceRate': 0, 'stopLoss': '{"type": "STOP_MARKET", "quantity": 0.0011651372298629333,"stopPrice": 42484.266,"price": 42484.266,"workingType":"MARK_PRICE"}', 'takeProfit': '{"type": "TAKE_PROFIT_MARKET", "quantity": 0.0011651372298629333,"stopPrice": 43342.534,"price": 43342.534,"workingType":"MARK_PRICE"}', 'reduceOnly': False}}}
2024-02-03 18:43:06,539 — main — INFO — {'code': 0, 'msg': '', 'data': {'order': {'orderId': 1753798773749846016, 'symbol': 'ETH-USDT', 'positionSide': 'SHORT', 'side': 'SELL', 'type': 'MARKET', 'price': 0, 'quantity': 0.021771693315219286, 'stopPrice': 0, 'workingType': 'MARK_PRICE', 'clientOrderID': '', 'timeInForce': 'GTC', 'priceRate': 0, 'stopLoss': '{"type": "STOP_MARKET", "quantity": 0.021771693315219286,"stopPrice": 2319.5256,"price": 2319.5256,"workingType":"MARK_PRICE"}', 'takeProfit': '{"type": "TAKE_PROFIT_MARKET", "quantity": 0.021771693315219286,"stopPrice": 2273.5944,"price": 2273.5944,"workingType":"MARK_PRICE"}', 'reduceOnly': False}}}
2024-02-03 18:43:07,159 — main — INFO — {'code': 0, 'msg': '', 'data': {'order': {'orderId': 1753798776551641088, 'symbol': 'BTC-USDT', 'positionSide': 'LONG', 'side': 'BUY', 'type': 'TRIGGER_LIMIT', 'price': 43342.534, 'quantity': 0.0011651372298629333, 'stopPrice': 43342.534, 'workingType': 'MARK_PRICE', 'clientOrderID': '', 'timeInForce': 'GTC', 'priceRate': 0, 'stopLoss': '', 'takeProfit': '', 'reduceOnly': False}}}
2024-02-03 18:43:07,563 — main — INFO — {'code': 0, 'msg': '', 'data': {'order': {'orderId': 1753798778304860160, 'symbol': 'ETH-USDT', 'positionSide': 'SHORT', 'side': 'SELL', 'type': 'TRIGGER_LIMIT', 'price': 2273.5944, 'quantity': 0.021771693315219286, 'stopPrice': 2273.5944, 'workingType': 'MARK_PRICE', 'clientOrderID': '', 'timeInForce': 'GTC', 'priceRate': 0, 'stopLoss': '', 'takeProfit': '', 'reduceOnly': False}}}
2024-02-03 18:43:08,067 — main — INFO — {'code': 0, 'msg': '', 'data': {'order': {'orderId': 1753798780414595072, 'symbol': 'BTC-USDT', 'positionSide': 'SHORT', 'side': 'SELL', 'type': 'TRIGGER_LIMIT', 'price': 42484.266, 'quantity': 0.0023302744597258666, 'stopPrice': 42484.266, 'workingType': 'MARK_PRICE', 'clientOrderID': '', 'timeInForce': 'GTC', 'priceRate': 0, 'stopLoss': '', 'takeProfit': '', 'reduceOnly': False}}}
2024-02-03 18:43:08,164 — main — INFO — load to sqlite. BTC-USDT---SELL---24-02-03 18:43:08
2024-02-03 18:43:08,358 — main — INFO — {'code': 0, 'msg': '', 'data': {'order': {'orderId': 1753798781614166016, 'symbol': 'ETH-USDT', 'positionSide': 'LONG', 'side': 'BUY', 'type': 'TRIGGER_LIMIT', 'price': 2319.5256, 'quantity': 0.04354338663043857, 'stopPrice': 2319.5256, 'workingType': 'MARK_PRICE', 'clientOrderID': '', 'timeInForce': 'GTC', 'priceRate': 0, 'stopLoss': '', 'takeProfit': '', 'reduceOnly': False}}}
2024-02-03 18:43:08,452 — main — INFO — load to sqlite. ETH-USDT---BUY---24-02-03 18:43:08
2024-02-03 18:43:08,453 — utils — INFO — init all orders done.
2024-02-03 18:44:24,076 — app — INFO — Bingx stoped. ................
2024-02-03 18:44:34,048 — app — INFO — Bingx started ... ... ...
2024-02-03 18:44:34,050 — utils — INFO — init all orders done.
2024-02-03 18:44:42,833 — app — INFO — Bingx stoped. ................
2024-02-03 18:45:16,343 — app — INFO — Bingx started ... ... ...
2024-02-03 18:45:16,352 — utils — INFO — init all orders done.
2024-02-03 18:45:52,735 — app — INFO — Bingx stoped. ................
2024-02-03 18:46:01,390 — app — INFO — Bingx started ... ... ...
2024-02-03 18:46:01,393 — utils — INFO — init all orders done.
2024-02-03 18:46:55,683 — app — INFO — Bingx stoped. ................
